# JRE version: OpenJDK Runtime Environment Corretto-17.0.13.11.1 (17.0.13+11) (build 17.0.13+11-LTS)
# Java VM: OpenJDK 64-Bit Server VM Corretto-17.0.13.11.1 (17.0.13+11-LTS, mixed mode, emulated-client, sharing, tiered, compressed oops, compressed class ptrs, g1 gc, windows-amd64)
GC Precious Log:
 CPUs: 8 total, 8 available
 Memory: 15777M
 Large Page Support: Disabled
 NUMA Support: Disabled
 Compressed Oops: Enabled (Zero based)
 Heap Region Size: 2M
 Heap Min Capacity: 8M
 Heap Initial Capacity: 248M
 Heap Max Capacity: 3946M
 Pre-touch: Disabled
 Parallel Workers: 8
 Concurrent Workers: 2
 Concurrent Refinement Workers: 8
 Periodic GC: Disabled
Heap:
 garbage-first heap   total 116736K, used 55616K [0x0000000709600000, 0x0000000800000000)
  region size 2048K, 11 young (22528K), 4 survivors (8192K)
 Metaspace       used 81797K, committed 82432K, reserved 1179648K
  class space    used 12031K, committed 12352K, reserved 1048576K
GC Heap History (20 events):
Event: 3.868 GC heap before
{Heap before GC invocations=7 (full 0):
 garbage-first heap   total 61440K, used 37988K [0x0000000709600000, 0x0000000800000000)
  region size 2048K, 11 young (22528K), 1 survivors (2048K)
 Metaspace       used 26794K, committed 27136K, reserved 1114112K
  class space    used 3736K, committed 3904K, reserved 1048576K
}
Event: 3.874 GC heap after
{Heap after GC invocations=8 (full 0):
 garbage-first heap   total 61440K, used 18259K [0x0000000709600000, 0x0000000800000000)
  region size 2048K, 1 young (2048K), 1 survivors (2048K)
 Metaspace       used 26794K, committed 27136K, reserved 1114112K
  class space    used 3736K, committed 3904K, reserved 1048576K
}
Event: 4.288 GC heap before
{Heap before GC invocations=8 (full 0):
 garbage-first heap   total 61440K, used 40787K [0x0000000709600000, 0x0000000800000000)
  region size 2048K, 12 young (24576K), 1 survivors (2048K)
 Metaspace       used 29533K, committed 29952K, reserved 1114112K
  class space    used 4182K, committed 4416K, reserved 1048576K
}
Event: 4.296 GC heap after
{Heap after GC invocations=9 (full 0):
 garbage-first heap   total 157696K, used 20116K [0x0000000709600000, 0x0000000800000000)
  region size 2048K, 2 young (4096K), 2 survivors (4096K)
 Metaspace       used 29533K, committed 29952K, reserved 1114112K
  class space    used 4182K, committed 4416K, reserved 1048576K
}
Event: 5.150 GC heap before
{Heap before GC invocations=9 (full 0):
 garbage-first heap   total 157696K, used 61076K [0x0000000709600000, 0x0000000800000000)
  region size 2048K, 23 young (47104K), 2 survivors (4096K)
 Metaspace       used 35913K, committed 36288K, reserved 1114112K
  class space    used 5050K, committed 5248K, reserved 1048576K
}
Event: 5.159 GC heap after
{Heap after GC invocations=10 (full 0):
 garbage-first heap   total 157696K, used 23076K [0x0000000709600000, 0x0000000800000000)
  region size 2048K, 4 young (8192K), 4 survivors (8192K)
 Metaspace       used 35913K, committed 36288K, reserved 1114112K
  class space    used 5050K, committed 5248K, reserved 1048576K
}
Event: 6.132 GC heap before
{Heap before GC invocations=11 (full 0):
 garbage-first heap   total 96256K, used 72228K [0x0000000709600000, 0x0000000800000000)
  region size 2048K, 28 young (57344K), 4 survivors (8192K)
 Metaspace       used 42315K, committed 42752K, reserved 1114112K
  class space    used 5836K, committed 6016K, reserved 1048576K
}
Event: 6.152 GC heap after
{Heap after GC invocations=12 (full 0):
 garbage-first heap   total 96256K, used 27044K [0x0000000709600000, 0x0000000800000000)
  region size 2048K, 4 young (8192K), 4 survivors (8192K)
 Metaspace       used 42315K, committed 42752K, reserved 1114112K
  class space    used 5836K, committed 6016K, reserved 1048576K
}
Event: 7.030 GC heap before
{Heap before GC invocations=12 (full 0):
 garbage-first heap   total 96256K, used 70052K [0x0000000709600000, 0x0000000800000000)
  region size 2048K, 25 young (51200K), 4 survivors (8192K)
 Metaspace       used 51481K, committed 52032K, reserved 1114112K
  class space    used 7280K, committed 7552K, reserved 1048576K
}
Event: 7.044 GC heap after
{Heap after GC invocations=13 (full 0):
 garbage-first heap   total 96256K, used 28884K [0x0000000709600000, 0x0000000800000000)
  region size 2048K, 3 young (6144K), 3 survivors (6144K)
 Metaspace       used 51481K, committed 52032K, reserved 1114112K
  class space    used 7280K, committed 7552K, reserved 1048576K
}
Event: 7.950 GC heap before
{Heap before GC invocations=13 (full 0):
 garbage-first heap   total 96256K, used 67796K [0x0000000709600000, 0x0000000800000000)
  region size 2048K, 23 young (47104K), 3 survivors (6144K)
 Metaspace       used 60445K, committed 60928K, reserved 1114112K
  class space    used 8669K, committed 8896K, reserved 1048576K
}
Event: 7.964 GC heap after
{Heap after GC invocations=14 (full 0):
 garbage-first heap   total 116736K, used 30753K [0x0000000709600000, 0x0000000800000000)
  region size 2048K, 2 young (4096K), 2 survivors (4096K)
 Metaspace       used 60445K, committed 60928K, reserved 1114112K
  class space    used 8669K, committed 8896K, reserved 1048576K
}
Event: 9.051 GC heap before
{Heap before GC invocations=15 (full 0):
 garbage-first heap   total 116736K, used 90145K [0x0000000709600000, 0x0000000800000000)
  region size 2048K, 31 young (63488K), 2 survivors (4096K)
 Metaspace       used 70052K, committed 70656K, reserved 1114112K
  class space    used 10261K, committed 10560K, reserved 1048576K
}
Event: 9.057 GC heap after
{Heap after GC invocations=16 (full 0):
 garbage-first heap   total 116736K, used 34215K [0x0000000709600000, 0x0000000800000000)
  region size 2048K, 4 young (8192K), 4 survivors (8192K)
 Metaspace       used 70052K, committed 70656K, reserved 1114112K
  class space    used 10261K, committed 10560K, reserved 1048576K
}
Event: 9.412 GC heap before
{Heap before GC invocations=16 (full 0):
 garbage-first heap   total 116736K, used 89511K [0x0000000709600000, 0x0000000800000000)
  region size 2048K, 31 young (63488K), 4 survivors (8192K)
 Metaspace       used 73333K, committed 73920K, reserved 1114112K
  class space    used 10842K, committed 11136K, reserved 1048576K
}
Event: 9.417 GC heap after
{Heap after GC invocations=17 (full 0):
 garbage-first heap   total 116736K, used 36180K [0x0000000709600000, 0x0000000800000000)
  region size 2048K, 3 young (6144K), 3 survivors (6144K)
 Metaspace       used 73333K, committed 73920K, reserved 1114112K
  class space    used 10842K, committed 11136K, reserved 1048576K
}
Event: 10.202 GC heap before
{Heap before GC invocations=17 (full 0):
 garbage-first heap   total 116736K, used 91476K [0x0000000709600000, 0x0000000800000000)
  region size 2048K, 30 young (61440K), 3 survivors (6144K)
 Metaspace       used 76729K, committed 77248K, reserved 1179648K
  class space    used 11332K, committed 11584K, reserved 1048576K
}
Event: 10.208 GC heap after
{Heap after GC invocations=18 (full 0):
 garbage-first heap   total 116736K, used 39661K [0x0000000709600000, 0x0000000800000000)
  region size 2048K, 3 young (6144K), 3 survivors (6144K)
 Metaspace       used 76729K, committed 77248K, reserved 1179648K
  class space    used 11332K, committed 11584K, reserved 1048576K
}
Event: 1823.856 GC heap before
{Heap before GC invocations=18 (full 0):
 garbage-first heap   total 116736K, used 88813K [0x0000000709600000, 0x0000000800000000)
  region size 2048K, 28 young (57344K), 3 survivors (6144K)
 Metaspace       used 81778K, committed 82432K, reserved 1179648K
  class space    used 12029K, committed 12352K, reserved 1048576K
}
Event: 1823.980 GC heap after
{Heap after GC invocations=19 (full 0):
 garbage-first heap   total 116736K, used 43328K [0x0000000709600000, 0x0000000800000000)
  region size 2048K, 4 young (8192K), 4 survivors (8192K)
 Metaspace       used 81778K, committed 82432K, reserved 1179648K
  class space    used 12029K, committed 12352K, reserved 1048576K
}

